Determining if the pthread_create exist failed with the following output:
Change Dir: /home/bionicwheel/stage_ws/src/stage_controllers/build/CMakeFiles/CMakeTmp

Run Build Command:"/usr/bin/make" "cmTC_170d9/fast"
make[1]: Entering directory '/home/bionicwheel/stage_ws/src/stage_controllers/build/CMakeFiles/CMakeTmp'
/usr/bin/make -f CMakeFiles/cmTC_170d9.dir/build.make CMakeFiles/cmTC_170d9.dir/build
make[2]: Entering directory '/home/bionicwheel/stage_ws/src/stage_controllers/build/CMakeFiles/CMakeTmp'
Building C object CMakeFiles/cmTC_170d9.dir/CheckSymbolExists.c.o
/usr/bin/cc    -o CMakeFiles/cmTC_170d9.dir/CheckSymbolExists.c.o   -c /home/bionicwheel/stage_ws/src/stage_controllers/build/CMakeFiles/CMakeTmp/CheckSymbolExists.c
Linking C executable cmTC_170d9
/usr/bin/cmake -E cmake_link_script CMakeFiles/cmTC_170d9.dir/link.txt --verbose=1
/usr/bin/cc      -rdynamic CMakeFiles/cmTC_170d9.dir/CheckSymbolExists.c.o  -o cmTC_170d9 
CMakeFiles/cmTC_170d9.dir/CheckSymbolExists.c.o: In function `main':
CheckSymbolExists.c:(.text+0x1b): undefined reference to `pthread_create'
collect2: error: ld returned 1 exit status
CMakeFiles/cmTC_170d9.dir/build.make:97: recipe for target 'cmTC_170d9' failed
make[2]: *** [cmTC_170d9] Error 1
make[2]: Leaving directory '/home/bionicwheel/stage_ws/src/stage_controllers/build/CMakeFiles/CMakeTmp'
Makefile:126: recipe for target 'cmTC_170d9/fast' failed
make[1]: *** [cmTC_170d9/fast] Error 2
make[1]: Leaving directory '/home/bionicwheel/stage_ws/src/stage_controllers/build/CMakeFiles/CMakeTmp'

File /home/bionicwheel/stage_ws/src/stage_controllers/build/CMakeFiles/CMakeTmp/CheckSymbolExists.c:
/* */
#include <pthread.h>

int main(int argc, char** argv)
{
  (void)argv;
#ifndef pthread_create
  return ((int*)(&pthread_create))[argc];
#else
  (void)argc;
  return 0;
#endif
}

Determining if the function pthread_create exists in the pthreads failed with the following output:
Change Dir: /home/bionicwheel/stage_ws/src/stage_controllers/build/CMakeFiles/CMakeTmp

Run Build Command:"/usr/bin/make" "cmTC_27264/fast"
make[1]: Entering directory '/home/bionicwheel/stage_ws/src/stage_controllers/build/CMakeFiles/CMakeTmp'
/usr/bin/make -f CMakeFiles/cmTC_27264.dir/build.make CMakeFiles/cmTC_27264.dir/build
make[2]: Entering directory '/home/bionicwheel/stage_ws/src/stage_controllers/build/CMakeFiles/CMakeTmp'
Building C object CMakeFiles/cmTC_27264.dir/CheckFunctionExists.c.o
/usr/bin/cc   -DCHECK_FUNCTION_EXISTS=pthread_create   -o CMakeFiles/cmTC_27264.dir/CheckFunctionExists.c.o   -c /usr/share/cmake-3.10/Modules/CheckFunctionExists.c
Linking C executable cmTC_27264
/usr/bin/cmake -E cmake_link_script CMakeFiles/cmTC_27264.dir/link.txt --verbose=1
/usr/bin/cc  -DCHECK_FUNCTION_EXISTS=pthread_create    -rdynamic CMakeFiles/cmTC_27264.dir/CheckFunctionExists.c.o  -o cmTC_27264 -lpthreads 
/usr/bin/ld: cannot find -lpthreads
collect2: error: ld returned 1 exit status
CMakeFiles/cmTC_27264.dir/build.make:97: recipe for target 'cmTC_27264' failed
make[2]: *** [cmTC_27264] Error 1
make[2]: Leaving directory '/home/bionicwheel/stage_ws/src/stage_controllers/build/CMakeFiles/CMakeTmp'
Makefile:126: recipe for target 'cmTC_27264/fast' failed
make[1]: *** [cmTC_27264/fast] Error 2
make[1]: Leaving directory '/home/bionicwheel/stage_ws/src/stage_controllers/build/CMakeFiles/CMakeTmp'


